<?xml version="1.0" encoding="UTF-8"?>
<!-- Generated by org.testng.reporters.JUnitReportReporter -->
<testsuite hostname="DESKTOP-M97G1DV" failures="0" tests="1" name="com.amazon.TestClasses.OpenLinkTestClass" time="46.538" errors="0" timestamp="2022-05-04T18:33:08 IST" skipped="0">
  <testcase classname="com.amazon.TestClasses.OpenLinkTestClass" name="linkOpen" time="46.538"/>
  <system-out/>
</testsuite> <!-- com.amazon.TestClasses.OpenLinkTestClass -->
